1746234858.684120 client started (1732781): version 3.4, socket /tmp/tmux-1054/default, protocol 8
1746234858.684169 on Linux 6.8.0-55-generic #57-Ubuntu SMP PREEMPT_DYNAMIC Wed Feb 12 23:42:21 UTC 2025
1746234858.684179 using libevent 2.1.12-stable poll
1746234858.684186 using ncurses 6.4 20240113
1746234858.684213 flags are 0x18010000
1746234858.684232 socket is /tmp/tmux-1054/default
1746234858.684250 trying connect
1746234858.684357 add peer 0x58679e326aa0: 6 ((nil))
1746234858.684947 sending message 100 to peer 0x58679e326aa0 (4 bytes)
1746234858.684972 sending message 111 to peer 0x58679e326aa0 (8 bytes)
1746234858.684981 sending message 101 to peer 0x58679e326aa0 (15 bytes)
1746234858.684989 sending message 109 to peer 0x58679e326aa0 (4 bytes)
1746234858.684996 sending message 102 to peer 0x58679e326aa0 (12 bytes)
1746234858.685003 sending message 108 to peer 0x58679e326aa0 (25 bytes)
1746234858.685010 sending message 112 to peer 0x58679e326aa0 (58 bytes)
1746234858.685017 sending message 112 to peer 0x58679e326aa0 (5 bytes)
1746234858.685024 sending message 112 to peer 0x58679e326aa0 (5 bytes)
1746234858.685031 sending message 112 to peer 0x58679e326aa0 (6 bytes)
1746234858.685038 sending message 112 to peer 0x58679e326aa0 (6 bytes)
1746234858.685045 sending message 112 to peer 0x58679e326aa0 (11 bytes)
1746234858.685051 sending message 112 to peer 0x58679e326aa0 (10 bytes)
1746234858.685058 sending message 112 to peer 0x58679e326aa0 (13 bytes)
1746234858.685065 sending message 112 to peer 0x58679e326aa0 (14 bytes)
1746234858.685072 sending message 112 to peer 0x58679e326aa0 (19 bytes)
1746234858.685079 sending message 112 to peer 0x58679e326aa0 (11 bytes)
1746234858.685086 sending message 112 to peer 0x58679e326aa0 (10 bytes)
1746234858.685092 sending message 112 to peer 0x58679e326aa0 (15 bytes)
1746234858.685099 sending message 112 to peer 0x58679e326aa0 (21 bytes)
1746234858.685106 sending message 112 to peer 0x58679e326aa0 (13 bytes)
1746234858.685115 sending message 112 to peer 0x58679e326aa0 (7 bytes)
1746234858.685121 sending message 112 to peer 0x58679e326aa0 (13 bytes)
1746234858.685128 sending message 112 to peer 0x58679e326aa0 (7 bytes)
1746234858.685135 sending message 112 to peer 0x58679e326aa0 (13 bytes)
1746234858.685142 sending message 112 to peer 0x58679e326aa0 (9 bytes)
1746234858.685148 sending message 112 to peer 0x58679e326aa0 (21 bytes)
1746234858.685155 sending message 112 to peer 0x58679e326aa0 (13 bytes)
1746234858.685162 sending message 112 to peer 0x58679e326aa0 (9 bytes)
1746234858.685168 sending message 112 to peer 0x58679e326aa0 (16 bytes)
1746234858.685175 sending message 112 to peer 0x58679e326aa0 (13 bytes)
1746234858.685182 sending message 112 to peer 0x58679e326aa0 (9 bytes)
1746234858.685189 sending message 112 to peer 0x58679e326aa0 (9 bytes)
1746234858.685196 sending message 112 to peer 0x58679e326aa0 (12 bytes)
1746234858.685202 sending message 112 to peer 0x58679e326aa0 (8 bytes)
1746234858.685209 sending message 112 to peer 0x58679e326aa0 (8 bytes)
1746234858.685215 sending message 112 to peer 0x58679e326aa0 (13 bytes)
1746234858.685222 sending message 112 to peer 0x58679e326aa0 (7 bytes)
1746234858.685231 sending message 112 to peer 0x58679e326aa0 (7 bytes)
1746234858.685238 sending message 112 to peer 0x58679e326aa0 (9 bytes)
1746234858.685245 sending message 112 to peer 0x58679e326aa0 (9 bytes)
1746234858.685252 sending message 112 to peer 0x58679e326aa0 (15 bytes)
1746234858.685259 sending message 112 to peer 0x58679e326aa0 (13 bytes)
1746234858.685266 sending message 112 to peer 0x58679e326aa0 (12 bytes)
1746234858.685272 sending message 112 to peer 0x58679e326aa0 (8 bytes)
1746234858.685280 sending message 112 to peer 0x58679e326aa0 (14 bytes)
1746234858.685287 sending message 112 to peer 0x58679e326aa0 (11 bytes)
1746234858.685294 sending message 112 to peer 0x58679e326aa0 (9 bytes)
1746234858.685301 sending message 112 to peer 0x58679e326aa0 (10 bytes)
1746234858.685307 sending message 112 to peer 0x58679e326aa0 (10 bytes)
1746234858.685314 sending message 112 to peer 0x58679e326aa0 (10 bytes)
1746234858.685333 sending message 112 to peer 0x58679e326aa0 (10 bytes)
1746234858.685341 sending message 112 to peer 0x58679e326aa0 (11 bytes)
1746234858.685348 sending message 112 to peer 0x58679e326aa0 (12 bytes)
1746234858.685355 sending message 112 to peer 0x58679e326aa0 (12 bytes)
1746234858.685362 sending message 112 to peer 0x58679e326aa0 (12 bytes)
1746234858.685368 sending message 112 to peer 0x58679e326aa0 (12 bytes)
1746234858.685375 sending message 112 to peer 0x58679e326aa0 (12 bytes)
1746234858.685382 sending message 112 to peer 0x58679e326aa0 (11 bytes)
1746234858.685389 sending message 112 to peer 0x58679e326aa0 (11 bytes)
1746234858.685396 sending message 112 to peer 0x58679e326aa0 (12 bytes)
1746234858.685404 sending message 112 to peer 0x58679e326aa0 (12 bytes)
1746234858.685411 sending message 112 to peer 0x58679e326aa0 (12 bytes)
1746234858.685418 sending message 112 to peer 0x58679e326aa0 (12 bytes)
1746234858.685424 sending message 112 to peer 0x58679e326aa0 (12 bytes)
1746234858.685431 sending message 112 to peer 0x58679e326aa0 (9 bytes)
1746234858.685438 sending message 112 to peer 0x58679e326aa0 (12 bytes)
1746234858.685444 sending message 112 to peer 0x58679e326aa0 (13 bytes)
1746234858.685451 sending message 112 to peer 0x58679e326aa0 (13 bytes)
1746234858.685458 sending message 112 to peer 0x58679e326aa0 (13 bytes)
1746234858.685467 sending message 112 to peer 0x58679e326aa0 (13 bytes)
1746234858.685474 sending message 112 to peer 0x58679e326aa0 (13 bytes)
1746234858.685481 sending message 112 to peer 0x58679e326aa0 (8 bytes)
1746234858.685488 sending message 112 to peer 0x58679e326aa0 (11 bytes)
1746234858.685494 sending message 112 to peer 0x58679e326aa0 (11 bytes)
1746234858.685501 sending message 112 to peer 0x58679e326aa0 (11 bytes)
1746234858.685507 sending message 112 to peer 0x58679e326aa0 (12 bytes)
1746234858.685514 sending message 112 to peer 0x58679e326aa0 (12 bytes)
1746234858.685521 sending message 112 to peer 0x58679e326aa0 (12 bytes)
1746234858.685528 sending message 112 to peer 0x58679e326aa0 (12 bytes)
1746234858.685535 sending message 112 to peer 0x58679e326aa0 (13 bytes)
1746234858.685542 sending message 112 to peer 0x58679e326aa0 (13 bytes)
1746234858.685549 sending message 112 to peer 0x58679e326aa0 (13 bytes)
1746234858.685555 sending message 112 to peer 0x58679e326aa0 (8 bytes)
1746234858.685562 sending message 112 to peer 0x58679e326aa0 (13 bytes)
1746234858.685569 sending message 112 to peer 0x58679e326aa0 (13 bytes)
1746234858.685601 sending message 112 to peer 0x58679e326aa0 (13 bytes)
1746234858.685609 sending message 112 to peer 0x58679e326aa0 (13 bytes)
1746234858.685615 sending message 112 to peer 0x58679e326aa0 (13 bytes)
1746234858.685622 sending message 112 to peer 0x58679e326aa0 (12 bytes)
1746234858.685629 sending message 112 to peer 0x58679e326aa0 (12 bytes)
1746234858.685636 sending message 112 to peer 0x58679e326aa0 (12 bytes)
1746234858.685643 sending message 112 to peer 0x58679e326aa0 (12 bytes)
1746234858.685650 sending message 112 to peer 0x58679e326aa0 (13 bytes)
1746234858.685658 sending message 112 to peer 0x58679e326aa0 (8 bytes)
1746234858.685665 sending message 112 to peer 0x58679e326aa0 (13 bytes)
1746234858.685672 sending message 112 to peer 0x58679e326aa0 (13 bytes)
1746234858.685678 sending message 112 to peer 0x58679e326aa0 (13 bytes)
1746234858.685685 sending message 112 to peer 0x58679e326aa0 (13 bytes)
1746234858.685692 sending message 112 to peer 0x58679e326aa0 (13 bytes)
1746234858.685699 sending message 112 to peer 0x58679e326aa0 (13 bytes)
1746234858.685705 sending message 112 to peer 0x58679e326aa0 (13 bytes)
1746234858.685713 sending message 112 to peer 0x58679e326aa0 (12 bytes)
1746234858.685720 sending message 112 to peer 0x58679e326aa0 (12 bytes)
1746234858.685727 sending message 112 to peer 0x58679e326aa0 (12 bytes)
1746234858.685734 sending message 112 to peer 0x58679e326aa0 (8 bytes)
1746234858.685740 sending message 112 to peer 0x58679e326aa0 (12 bytes)
1746234858.685747 sending message 112 to peer 0x58679e326aa0 (13 bytes)
1746234858.685760 sending message 112 to peer 0x58679e326aa0 (13 bytes)
1746234858.685767 sending message 112 to peer 0x58679e326aa0 (13 bytes)
1746234858.685774 sending message 112 to peer 0x58679e326aa0 (13 bytes)
1746234858.685781 sending message 112 to peer 0x58679e326aa0 (13 bytes)
1746234858.685788 sending message 112 to peer 0x58679e326aa0 (13 bytes)
1746234858.685795 sending message 112 to peer 0x58679e326aa0 (13 bytes)
1746234858.685802 sending message 112 to peer 0x58679e326aa0 (13 bytes)
1746234858.685809 sending message 112 to peer 0x58679e326aa0 (12 bytes)
1746234858.685815 sending message 112 to peer 0x58679e326aa0 (10 bytes)
1746234858.685822 sending message 112 to peer 0x58679e326aa0 (12 bytes)
1746234858.685830 sending message 112 to peer 0x58679e326aa0 (12 bytes)
1746234858.685837 sending message 112 to peer 0x58679e326aa0 (12 bytes)
1746234858.685844 sending message 112 to peer 0x58679e326aa0 (13 bytes)
1746234858.685850 sending message 112 to peer 0x58679e326aa0 (13 bytes)
1746234858.685857 sending message 112 to peer 0x58679e326aa0 (13 bytes)
1746234858.685864 sending message 112 to peer 0x58679e326aa0 (13 bytes)
1746234858.685871 sending message 112 to peer 0x58679e326aa0 (13 bytes)
1746234858.685878 sending message 112 to peer 0x58679e326aa0 (13 bytes)
1746234858.685885 sending message 112 to peer 0x58679e326aa0 (13 bytes)
1746234858.685892 sending message 112 to peer 0x58679e326aa0 (10 bytes)
1746234858.685899 sending message 112 to peer 0x58679e326aa0 (13 bytes)
1746234858.685906 sending message 112 to peer 0x58679e326aa0 (12 bytes)
1746234858.685913 sending message 112 to peer 0x58679e326aa0 (12 bytes)
1746234858.685919 sending message 112 to peer 0x58679e326aa0 (12 bytes)
1746234858.685926 sending message 112 to peer 0x58679e326aa0 (10 bytes)
1746234858.685933 sending message 112 to peer 0x58679e326aa0 (10 bytes)
1746234858.685940 sending message 112 to peer 0x58679e326aa0 (10 bytes)
1746234858.685949 sending message 112 to peer 0x58679e326aa0 (12 bytes)
1746234858.685956 sending message 112 to peer 0x58679e326aa0 (13 bytes)
1746234858.685963 sending message 112 to peer 0x58679e326aa0 (13 bytes)
1746234858.685969 sending message 112 to peer 0x58679e326aa0 (13 bytes)
1746234858.685976 sending message 112 to peer 0x58679e326aa0 (13 bytes)
1746234858.685983 sending message 112 to peer 0x58679e326aa0 (13 bytes)
1746234858.685989 sending message 112 to peer 0x58679e326aa0 (10 bytes)
1746234858.685996 sending message 112 to peer 0x58679e326aa0 (11 bytes)
1746234858.686004 sending message 112 to peer 0x58679e326aa0 (12 bytes)
1746234858.686011 sending message 112 to peer 0x58679e326aa0 (12 bytes)
1746234858.686018 sending message 112 to peer 0x58679e326aa0 (12 bytes)
1746234858.686024 sending message 112 to peer 0x58679e326aa0 (12 bytes)
1746234858.686031 sending message 112 to peer 0x58679e326aa0 (12 bytes)
1746234858.686038 sending message 112 to peer 0x58679e326aa0 (11 bytes)
1746234858.686045 sending message 112 to peer 0x58679e326aa0 (12 bytes)
1746234858.686052 sending message 112 to peer 0x58679e326aa0 (12 bytes)
1746234858.686059 sending message 112 to peer 0x58679e326aa0 (13 bytes)
1746234858.686066 sending message 112 to peer 0x58679e326aa0 (13 bytes)
1746234858.686074 sending message 112 to peer 0x58679e326aa0 (13 bytes)
1746234858.686082 sending message 112 to peer 0x58679e326aa0 (13 bytes)
1746234858.686089 sending message 112 to peer 0x58679e326aa0 (13 bytes)
1746234858.686097 sending message 112 to peer 0x58679e326aa0 (10 bytes)
1746234858.686105 sending message 112 to peer 0x58679e326aa0 (9 bytes)
1746234858.686113 sending message 112 to peer 0x58679e326aa0 (12 bytes)
1746234858.686120 sending message 112 to peer 0x58679e326aa0 (13 bytes)
1746234858.686128 sending message 112 to peer 0x58679e326aa0 (13 bytes)
1746234858.686135 sending message 112 to peer 0x58679e326aa0 (13 bytes)
1746234858.686142 sending message 112 to peer 0x58679e326aa0 (13 bytes)
1746234858.686148 sending message 112 to peer 0x58679e326aa0 (13 bytes)
1746234858.686155 sending message 112 to peer 0x58679e326aa0 (9 bytes)
1746234858.686167 sending message 112 to peer 0x58679e326aa0 (12 bytes)
1746234858.686174 sending message 112 to peer 0x58679e326aa0 (13 bytes)
1746234858.686182 sending message 112 to peer 0x58679e326aa0 (13 bytes)
1746234858.686189 sending message 112 to peer 0x58679e326aa0 (13 bytes)
1746234858.686196 sending message 112 to peer 0x58679e326aa0 (13 bytes)
1746234858.686203 sending message 112 to peer 0x58679e326aa0 (13 bytes)
1746234858.686210 sending message 112 to peer 0x58679e326aa0 (11 bytes)
1746234858.686217 sending message 112 to peer 0x58679e326aa0 (12 bytes)
1746234858.686223 sending message 112 to peer 0x58679e326aa0 (13 bytes)
1746234858.686230 sending message 112 to peer 0x58679e326aa0 (13 bytes)
1746234858.686237 sending message 112 to peer 0x58679e326aa0 (13 bytes)
1746234858.686245 sending message 112 to peer 0x58679e326aa0 (13 bytes)
1746234858.686251 sending message 112 to peer 0x58679e326aa0 (13 bytes)
1746234858.686258 sending message 112 to peer 0x58679e326aa0 (11 bytes)
1746234858.686265 sending message 112 to peer 0x58679e326aa0 (12 bytes)
1746234858.686272 sending message 112 to peer 0x58679e326aa0 (12 bytes)
1746234858.686279 sending message 112 to peer 0x58679e326aa0 (12 bytes)
1746234858.686286 sending message 112 to peer 0x58679e326aa0 (12 bytes)
1746234858.686293 sending message 112 to peer 0x58679e326aa0 (12 bytes)
1746234858.686301 sending message 112 to peer 0x58679e326aa0 (21 bytes)
1746234858.686308 sending message 112 to peer 0x58679e326aa0 (12 bytes)
1746234858.686315 sending message 112 to peer 0x58679e326aa0 (9 bytes)
1746234858.686321 sending message 112 to peer 0x58679e326aa0 (6 bytes)
1746234858.686328 sending message 112 to peer 0x58679e326aa0 (13 bytes)
1746234858.686336 sending message 112 to peer 0x58679e326aa0 (10 bytes)
1746234858.686343 sending message 112 to peer 0x58679e326aa0 (24 bytes)
1746234858.686350 sending message 112 to peer 0x58679e326aa0 (13 bytes)
1746234858.686358 sending message 112 to peer 0x58679e326aa0 (9 bytes)
1746234858.686366 sending message 112 to peer 0x58679e326aa0 (70 bytes)
1746234858.686373 sending message 112 to peer 0x58679e326aa0 (69 bytes)
1746234858.686380 sending message 112 to peer 0x58679e326aa0 (12 bytes)
1746234858.686387 sending message 112 to peer 0x58679e326aa0 (10 bytes)
1746234858.686394 sending message 112 to peer 0x58679e326aa0 (10 bytes)
1746234858.686401 sending message 112 to peer 0x58679e326aa0 (24 bytes)
1746234858.686408 sending message 112 to peer 0x58679e326aa0 (13 bytes)
1746234858.686416 sending message 112 to peer 0x58679e326aa0 (10 bytes)
1746234858.686423 sending message 112 to peer 0x58679e326aa0 (10 bytes)
1746234858.686430 sending message 112 to peer 0x58679e326aa0 (10 bytes)
1746234858.686438 sending message 112 to peer 0x58679e326aa0 (13 bytes)
1746234858.686445 sending message 112 to peer 0x58679e326aa0 (15 bytes)
1746234858.686452 sending message 112 to peer 0x58679e326aa0 (5 bytes)
1746234858.686461 sending message 104 to peer 0x58679e326aa0 (0 bytes)
1746234858.686469 sending message 110 to peer 0x58679e326aa0 (0 bytes)
1746234858.686478 sending message 107 to peer 0x58679e326aa0 (4 bytes)
1746234858.686485 sending message 105 to peer 0x58679e326aa0 (16 bytes)
1746234858.686492 sending message 105 to peer 0x58679e326aa0 (20 bytes)
1746234858.686499 sending message 105 to peer 0x58679e326aa0 (28 bytes)
1746234858.686507 sending message 105 to peer 0x58679e326aa0 (46 bytes)
1746234858.686514 sending message 105 to peer 0x58679e326aa0 (7 bytes)
1746234858.686521 sending message 105 to peer 0x58679e326aa0 (29 bytes)
1746234858.686527 sending message 105 to peer 0x58679e326aa0 (18 bytes)
1746234858.686535 sending message 105 to peer 0x58679e326aa0 (39 bytes)
1746234858.686542 sending message 105 to peer 0x58679e326aa0 (31 bytes)
1746234858.686549 sending message 105 to peer 0x58679e326aa0 (44 bytes)
1746234858.686556 sending message 105 to peer 0x58679e326aa0 (127 bytes)
1746234858.686564 sending message 105 to peer 0x58679e326aa0 (21 bytes)
1746234858.686578 sending message 105 to peer 0x58679e326aa0 (17 bytes)
1746234858.686593 sending message 105 to peer 0x58679e326aa0 (1817 bytes)
1746234858.686622 sending message 105 to peer 0x58679e326aa0 (32 bytes)
1746234858.686630 sending message 105 to peer 0x58679e326aa0 (30 bytes)
1746234858.686637 sending message 105 to peer 0x58679e326aa0 (141 bytes)
1746234858.686644 sending message 105 to peer 0x58679e326aa0 (19 bytes)
1746234858.686652 sending message 105 to peer 0x58679e326aa0 (56 bytes)
1746234858.686659 sending message 105 to peer 0x58679e326aa0 (31 bytes)
1746234858.686667 sending message 105 to peer 0x58679e326aa0 (34 bytes)
1746234858.686674 sending message 105 to peer 0x58679e326aa0 (20 bytes)
1746234858.686680 sending message 105 to peer 0x58679e326aa0 (11 bytes)
1746234858.686687 sending message 105 to peer 0x58679e326aa0 (32 bytes)
1746234858.686694 sending message 105 to peer 0x58679e326aa0 (15 bytes)
1746234858.686701 sending message 105 to peer 0x58679e326aa0 (54 bytes)
1746234858.686708 sending message 105 to peer 0x58679e326aa0 (14 bytes)
1746234858.686715 sending message 105 to peer 0x58679e326aa0 (15 bytes)
1746234858.686723 sending message 105 to peer 0x58679e326aa0 (27 bytes)
1746234858.686730 sending message 105 to peer 0x58679e326aa0 (8 bytes)
1746234858.686736 sending message 105 to peer 0x58679e326aa0 (54 bytes)
1746234858.686743 sending message 105 to peer 0x58679e326aa0 (36 bytes)
1746234858.686750 sending message 105 to peer 0x58679e326aa0 (37 bytes)
1746234858.686757 sending message 105 to peer 0x58679e326aa0 (23 bytes)
1746234858.686764 sending message 105 to peer 0x58679e326aa0 (258 bytes)
1746234858.686772 sending message 105 to peer 0x58679e326aa0 (47 bytes)
1746234858.686780 sending message 105 to peer 0x58679e326aa0 (19 bytes)
1746234858.686787 sending message 105 to peer 0x58679e326aa0 (158 bytes)
1746234858.686794 sending message 105 to peer 0x58679e326aa0 (82 bytes)
1746234858.686801 sending message 105 to peer 0x58679e326aa0 (129 bytes)
1746234858.686808 sending message 105 to peer 0x58679e326aa0 (282 bytes)
1746234858.686816 sending message 105 to peer 0x58679e326aa0 (152 bytes)
1746234858.686823 sending message 105 to peer 0x58679e326aa0 (52 bytes)
1746234858.686830 sending message 105 to peer 0x58679e326aa0 (20 bytes)
1746234858.686838 sending message 105 to peer 0x58679e326aa0 (78 bytes)
1746234858.686845 sending message 105 to peer 0x58679e326aa0 (38 bytes)
1746234858.686852 sending message 105 to peer 0x58679e326aa0 (414 bytes)
1746234858.686859 sending message 105 to peer 0x58679e326aa0 (147 bytes)
1746234858.686866 sending message 105 to peer 0x58679e326aa0 (16 bytes)
1746234858.686873 sending message 106 to peer 0x58679e326aa0 (0 bytes)
1746234858.686969 sending message 200 to peer 0x58679e326aa0 (4 bytes)
1746234858.686981 client loop enter
1746234884.320805 client_signal: Hangup
1746234884.320858 client loop exit
